[Info  - 4:02:31 PM] Initialising intelephense 1.5.4
[Info  - 4:02:31 PM] Initialised in 8 ms
[Info  - 4:02:31 PM] Indexing started.
[Info  - 4:02:33 PM] Indexing ended. 296 files indexed in 2s.
[Info  - 4:02:33 PM] Writing state to /opt/lampp/htdocs/CI3/~/.vscode-root/User/workspaceStorage/d6777b0c27cee5214fb219975cf82623/bmewburn.vscode-intelephense-client/5a55975a.
[Info  - 4:02:34 PM] Wrote state in 0.2s.
[Info  - 4:07:56 PM] Indexing started.
[Info  - 4:07:56 PM] Indexing ended. 1 files indexed in 0s.
[Info  - 4:08:13 PM] Indexing started.
[Info  - 4:08:13 PM] Indexing ended. 1 files indexed in 0s.
[Info  - 4:08:36 PM] Indexing started.
[Info  - 4:08:36 PM] Indexing ended. 1 files indexed in 0s.
[Info  - 4:09:38 PM] Indexing started.
[Info  - 4:09:38 PM] Indexing ended. 1 files indexed in 0s.
[Info  - 4:10:17 PM] Indexing started.
[Info  - 4:10:17 PM] Indexing ended. 1 files indexed in 0s.
[Info  - 4:10:24 PM] Indexing started.
[Info  - 4:10:24 PM] Indexing ended. 1 files indexed in 0s.
[Info  - 4:10:25 PM] Indexing started.
[Info  - 4:10:25 PM] Indexing ended. 1 files indexed in 0s.
[Info  - 4:10:43 PM] Indexing started.
[Info  - 4:10:43 PM] Indexing ended. 1 files indexed in 0s.
[Info  - 4:11:14 PM] Indexing started.
[Info  - 4:11:14 PM] Indexing ended. 1 files indexed in 0s.
[Info  - 4:12:26 PM] Indexing started.
[Info  - 4:12:26 PM] Indexing ended. 1 files indexed in 0s.
[Info  - 4:12:29 PM] Indexing started.
[Info  - 4:12:29 PM] Indexing ended. 1 files indexed in 0s.
[Info  - 4:12:49 PM] Indexing started.
[Info  - 4:12:49 PM] Indexing ended. 1 files indexed in 0s.
[Info  - 4:12:54 PM] Indexing started.
[Info  - 4:12:55 PM] Indexing ended. 1 files indexed in 0s.
[Info  - 4:13:06 PM] Indexing started.
[Info  - 4:13:06 PM] Indexing ended. 1 files indexed in 0s.
[Info  - 4:13:58 PM] Indexing started.
[Info  - 4:13:58 PM] Indexing ended. 1 files indexed in 0s.
[Info  - 4:13:59 PM] Indexing started.
[Info  - 4:13:59 PM] Indexing ended. 1 files indexed in 0s.
[Info  - 4:19:29 PM] Indexing started.
[Info  - 4:19:29 PM] Indexing ended. 1 files indexed in 0s.
